Line	Loc			Source Statement			Object Code
1   	1000	COPY       START    1000      	      	 
2   	1000	FIRST      STL      RETADR    	141034	 
3   	1003	CLOOP      JSUB     RDREC     	48203A	 
4   	1006	           LDA      LENGTH    	001037	 
6   	100C	           COMP     ZERO      	281031	 
7   	100F	           JEQ      ENDFIL    	301018	 
8   	1012	           JSUB     WRREC     	482062	 
9   	1015	           J        CLOOP     	3C1003	 
10  	1018	ENDFIL     LDA      EOF       	00102B	 
11  	101B	           STA      BUFFER    	0C103A	 
12  	101E	           LDA      THREE     	00102E	 
13  	1021	           STA      LENGTH    	0C1037	 
14  	1024	           JSUB     WRREC     	482062	 
15  	1027	           LDL      RETADR    	081034	 
17  	102D	COPY       BYTE     F         	0     	 DUPLICATE_LABEL: COPY INVALID_OPERAND_LENGTH 
18  	102B	EOF        BYTE     C'EOF'    	454F46	 
19  	102E	THREE      WORD     3         	000003	 
20  	1031	ZERO       WORD     0         	000000	 
21  	1034	RETADR     RESW     1         	000   	 
22  	1037	LENGTH     RESW     1         	000   	 
23  	103A	BUFFER     RESB     4096      	000000	 
27  	203A	RDREC      LDX      ZERO      	041031	 
28  	203D	           LDA      ZERO      	001031	 
29  	2040	RLOOP      TD       INPUT     	E0205E	 
30  	2043	           JEQ      RLOOP     	302040	 
31  	2046	           RD       INPUT     	D8205E	 
32  	2049	           COMP     ZERO      	281031	 
33  	204C	           JEQ      EXIT      	302058	 
34  	204F	           STCH     BUFFER,X  	54903A	 
35  	2052	           TIX      MAXLEN    	2C205F	 
36  	2055	           JLT      RLOOP     	382040	 
37  	2058	EXIT       STX      LENGTH    	101037	 
39  	205E	INPUT      BYTE     X'F1'     	F1    	 
40  	205F	MAXLEN     WORD     4096      	001000	 
46  	2062	WRREC      LDX      ZERO      	041031	 DUPLICATE_LABEL: WRREC 
47  	2065	WLOOP      TD       OUTPUT    	E0207A	 
48  	2068	           JEQ      WLOOP     	302065	 
49  	206B	           LDCH     BUFFER,X  	50903A	 
50  	206E	           WD       OUTPUT    	DC207A	 
51  	2071	           TIX      LENGTH    	2C1037	 
52  	2074	           JLT      WLOOP     	382065	 
54  	207A	OUTPUT     BYTE     X'05'     	05    	 
55  	207B	           END      FIRST     	      	 
