Line	Loc			Source Statement			Object Code
1   	1000	COPY       START    1000      	      	 
2   	1000	FIRST      STL      RETADR    	141033	 
3   	1003	CLOOP      JSUB     RDREC     	482039	 
4   	1006	           LDA      LENGTH    	001036	 
5   	1009	           COMP     ZERO      	281030	 
6   	100C	           JEQ      ENDFIL    	301015	 
7   	100F	           JSUB     WRREC     	482061	 
8   	1012	           J        CLOOP     	3C1003	 
9   	1015	ENDFIL     LDA      EOF       	00102A	 
10  	1018	           STA      BUFFER    	0C1039	 
11  	101B	           LDA      THREE     	00102D	 
12  	101E	           STA      LENGTH    	0C1036	 
13  	1021	           JSUB     WRREC     	482061	 
14  	1024	           LDL      RETADR    	081033	 
16  	102A	EOF        BYTE     C'EOF'    	454F46	 
17  	102D	THREE      WORD     3         	000003	 
18  	1030	ZERO       WORD     0         	000000	 
19  	1033	RETADR     RESW     1         	000   	 
20  	1036	LENGTH     RESW     1         	000   	 
21  	1039	BUFFER     RESB     4096      	000000	 
25  	2039	RDREC      LDX      ZERO      	041030	 
26  	203C	           LDA      ZERO      	001030	 
27  	203F	RLOOP      TD       INPUT     	E0205D	 
28  	2042	           JEQ      RLOOP     	30203F	 
29  	2045	           RD       INPUT     	D8205D	 
30  	2048	           COMP     ZERO      	281030	 
31  	204B	           JEQ      EXIT      	302057	 
32  	204E	           STCH     BUFFER,X  	549039	 
33  	2051	           TIX      MAXLEN    	2C205E	 
34  	2054	           JLT      RLOOP     	38203F	 
35  	2057	EXIT       STX      LENGTH    	101036	 
37  	205D	INPUT      BYTE     X'F1'     	F1    	 
38  	205E	MAXLEN     WORD     4096      	001000	 
42  	2061	WRREC      LDX      ZERO      	041030	 
43  	2064	WLOOP      TD       OUTPUT    	E02079	 
44  	2067	           JEQ      WLOOP     	302064	 
45  	206A	           LDCH     BUFFER,X  	509039	 
46  	206D	           WD       OUTPUT    	DC2079	 
47  	2070	           TIX      LENGTH    	2C1036	 
48  	2073	           JLT      WLOOP     	382064	 
50  	2079	OUTPUT     BYTE     X'05'     	05    	 
51  	207A	           END      FIRST     	      	 
